[2015-01-19 00:05:25] production.INFO: Listing Users  [] []
[2015-01-19 00:05:42] production.INFO: Listing Users  [] []
[2015-01-19 00:05:43] production.INFO: Listing Users  [] []
[2015-01-19 00:09:40] production.INFO: Listing Users  [] []
[2015-01-19 00:10:04] production.INFO: Listing Users  [] []
[2015-01-19 07:48:04] production.INFO: Listing Users  [] []
[2015-01-19 07:48:14] production.INFO: Listing Users  [] []
[2015-01-19 07:48:37] production.INFO: Listing Users  [] []
[2015-01-19 07:51:19] production.INFO: Listing Users  [] []
[2015-01-19 07:51:40] production.ERROR: exception 'PDOException' with message 'SQLSTATE[22P02]: Invalid text representation: 7 ERROR:  invalid input syntax for integer: "edit.html"' in /var/www/lualca/vendor/laravel/framework/src/Illuminate/Database/Connection.php:301
Stack trace:
#0 /var/www/lualca/vendor/laravel/framework/src/Illuminate/Database/Connection.php(301): PDOStatement->execute(Array)
#1 /var/www/lualca/vendor/laravel/framework/src/Illuminate/Database/Connection.php(617): Illuminate\Database\Connection->Illuminate\Database\{closure}(Object(Illuminate\Database\PostgresConnection), 'select * from "...', Array)
#2 /var/www/lualca/vendor/laravel/framework/src/Illuminate/Database/Connection.php(581): Illuminate\Database\Connection->runQueryCallback('select * from "...', Array, Object(Closure))
#3 /var/www/lualca/vendor/laravel/framework/src/Illuminate/Database/Connection.php(304): Illuminate\Database\Connection->run('select * from "...', Array, Object(Closure))
#4 /var/www/lualca/vendor/laravel/framework/src/Illuminate/Database/Query/Builder.php(1398): Illuminate\Database\Connection->select('select * from "...', Array)
#5 /var/www/lualca/vendor/laravel/framework/src/Illuminate/Database/Query/Builder.php(1383): Illuminate\Database\Query\Builder->runSelect()
#6 /var/www/lualca/vendor/laravel/framework/src/Illuminate/Database/Query/Builder.php(1370): Illuminate\Database\Query\Builder->getFresh(Array)
#7 /var/www/lualca/vendor/laravel/framework/src/Illuminate/Database/Eloquent/Builder.php(411): Illuminate\Database\Query\Builder->get(Array)
#8 /var/www/lualca/vendor/laravel/framework/src/Illuminate/Database/Eloquent/Builder.php(151): Illuminate\Database\Eloquent\Builder->getModels(Array)
#9 /var/www/lualca/vendor/laravel/framework/src/Illuminate/Database/Eloquent/Builder.php(125): Illuminate\Database\Eloquent\Builder->get(Array)
#10 /var/www/lualca/vendor/laravel/framework/src/Illuminate/Database/Eloquent/Builder.php(82): Illuminate\Database\Eloquent\Builder->first(Array)
#11 /var/www/lualca/vendor/cartalyst/sentry/src/Cartalyst/Sentry/Users/Eloquent/Provider.php(75): Illuminate\Database\Eloquent\Builder->find('edit.html')
#12 /var/www/lualca/vendor/cartalyst/sentry/src/Cartalyst/Sentry/Sentry.php(573): Cartalyst\Sentry\Users\Eloquent\Provider->findById('edit.html')
#13 /var/www/lualca/vendor/laravel/framework/src/Illuminate/Support/Facades/Facade.php(208): Cartalyst\Sentry\Sentry->findUserById('edit.html')
#14 /var/www/lualca/app/controllers/UserController.php(116): Illuminate\Support\Facades\Facade::__callStatic('findUserById', Array)
#15 /var/www/lualca/app/controllers/UserController.php(116): Cartalyst\Sentry\Facades\Laravel\Sentry::findUserById('edit.html')
#16 [internal function]: UserController->show('edit.html')
#17 /var/www/lualca/vendor/laravel/framework/src/Illuminate/Routing/Controller.php(231): call_user_func_array(Array, Array)
#18 /var/www/lualca/vendor/laravel/framework/src/Illuminate/Routing/ControllerDispatcher.php(93): Illuminate\Routing\Controller->callAction('show', Array)
#19 /var/www/lualca/vendor/laravel/framework/src/Illuminate/Routing/ControllerDispatcher.php(62): Illuminate\Routing\ControllerDispatcher->call(Object(UserController), Object(Illuminate\Routing\Route), 'show')
#20 /var/www/lualca/vendor/laravel/framework/src/Illuminate/Routing/Router.php(962): Illuminate\Routing\ControllerDispatcher->dispatch(Object(Illuminate\Routing\Route), Object(Illuminate\Http\Request), 'UserController', 'show')
#21 [internal function]: Illuminate\Routing\Router->Illuminate\Routing\{closure}('edit.html')
#22 /var/www/lualca/vendor/laravel/framework/src/Illuminate/Routing/Route.php(109): call_user_func_array(Object(Closure), Array)
#23 /var/www/lualca/vendor/laravel/framework/src/Illuminate/Routing/Router.php(1028): Illuminate\Routing\Route->run(Object(Illuminate\Http\Request))
#24 /var/www/lualca/vendor/laravel/framework/src/Illuminate/Routing/Router.php(996): Illuminate\Routing\Router->dispatchToRoute(Object(Illuminate\Http\Request))
#25 /var/www/lualca/vendor/laravel/framework/src/Illuminate/Foundation/Application.php(775): Illuminate\Routing\Router->dispatch(Object(Illuminate\Http\Request))
#26 /var/www/lualca/vendor/laravel/framework/src/Illuminate/Foundation/Application.php(745): Illuminate\Foundation\Application->dispatch(Object(Illuminate\Http\Request))
#27 /var/www/lualca/vendor/laravel/framework/src/Illuminate/Session/Middleware.php(72): Illuminate\Foundation\Application->handle(Object(Illuminate\Http\Request), 1, true)
#28 /var/www/lualca/vendor/laravel/framework/src/Illuminate/Cookie/Queue.php(47): Illuminate\Session\Middleware->handle(Object(Illuminate\Http\Request), 1, true)
#29 /var/www/lualca/vendor/laravel/framework/src/Illuminate/Cookie/Guard.php(51): Illuminate\Cookie\Queue->handle(Object(Illuminate\Http\Request), 1, true)
#30 /var/www/lualca/vendor/stack/builder/src/Stack/StackedHttpKernel.php(23): Illuminate\Cookie\Guard->handle(Object(Illuminate\Http\Request), 1, true)
#31 /var/www/lualca/vendor/laravel/framework/src/Illuminate/Foundation/Application.php(641): Stack\StackedHttpKernel->handle(Object(Illuminate\Http\Request))
#32 /var/www/lualca/public/index.php(49): Illuminate\Foundation\Application->run()
#33 {main}

Next exception 'Illuminate\Database\QueryException' with message 'SQLSTATE[22P02]: Invalid text representation: 7 ERROR:  invalid input syntax for integer: "edit.html" (SQL: select * from "users" where "users"."id" = edit.html limit 1)' in /var/www/lualca/vendor/laravel/framework/src/Illuminate/Database/Connection.php:625
Stack trace:
#0 /var/www/lualca/vendor/laravel/framework/src/Illuminate/Database/Connection.php(581): Illuminate\Database\Connection->runQueryCallback('select * from "...', Array, Object(Closure))
#1 /var/www/lualca/vendor/laravel/framework/src/Illuminate/Database/Connection.php(304): Illuminate\Database\Connection->run('select * from "...', Array, Object(Closure))
#2 /var/www/lualca/vendor/laravel/framework/src/Illuminate/Database/Query/Builder.php(1398): Illuminate\Database\Connection->select('select * from "...', Array)
#3 /var/www/lualca/vendor/laravel/framework/src/Illuminate/Database/Query/Builder.php(1383): Illuminate\Database\Query\Builder->runSelect()
#4 /var/www/lualca/vendor/laravel/framework/src/Illuminate/Database/Query/Builder.php(1370): Illuminate\Database\Query\Builder->getFresh(Array)
#5 /var/www/lualca/vendor/laravel/framework/src/Illuminate/Database/Eloquent/Builder.php(411): Illuminate\Database\Query\Builder->get(Array)
#6 /var/www/lualca/vendor/laravel/framework/src/Illuminate/Database/Eloquent/Builder.php(151): Illuminate\Database\Eloquent\Builder->getModels(Array)
#7 /var/www/lualca/vendor/laravel/framework/src/Illuminate/Database/Eloquent/Builder.php(125): Illuminate\Database\Eloquent\Builder->get(Array)
#8 /var/www/lualca/vendor/laravel/framework/src/Illuminate/Database/Eloquent/Builder.php(82): Illuminate\Database\Eloquent\Builder->first(Array)
#9 /var/www/lualca/vendor/cartalyst/sentry/src/Cartalyst/Sentry/Users/Eloquent/Provider.php(75): Illuminate\Database\Eloquent\Builder->find('edit.html')
#10 /var/www/lualca/vendor/cartalyst/sentry/src/Cartalyst/Sentry/Sentry.php(573): Cartalyst\Sentry\Users\Eloquent\Provider->findById('edit.html')
#11 /var/www/lualca/vendor/laravel/framework/src/Illuminate/Support/Facades/Facade.php(208): Cartalyst\Sentry\Sentry->findUserById('edit.html')
#12 /var/www/lualca/app/controllers/UserController.php(116): Illuminate\Support\Facades\Facade::__callStatic('findUserById', Array)
#13 /var/www/lualca/app/controllers/UserController.php(116): Cartalyst\Sentry\Facades\Laravel\Sentry::findUserById('edit.html')
#14 [internal function]: UserController->show('edit.html')
#15 /var/www/lualca/vendor/laravel/framework/src/Illuminate/Routing/Controller.php(231): call_user_func_array(Array, Array)
#16 /var/www/lualca/vendor/laravel/framework/src/Illuminate/Routing/ControllerDispatcher.php(93): Illuminate\Routing\Controller->callAction('show', Array)
#17 /var/www/lualca/vendor/laravel/framework/src/Illuminate/Routing/ControllerDispatcher.php(62): Illuminate\Routing\ControllerDispatcher->call(Object(UserController), Object(Illuminate\Routing\Route), 'show')
#18 /var/www/lualca/vendor/laravel/framework/src/Illuminate/Routing/Router.php(962): Illuminate\Routing\ControllerDispatcher->dispatch(Object(Illuminate\Routing\Route), Object(Illuminate\Http\Request), 'UserController', 'show')
#19 [internal function]: Illuminate\Routing\Router->Illuminate\Routing\{closure}('edit.html')
#20 /var/www/lualca/vendor/laravel/framework/src/Illuminate/Routing/Route.php(109): call_user_func_array(Object(Closure), Array)
#21 /var/www/lualca/vendor/laravel/framework/src/Illuminate/Routing/Router.php(1028): Illuminate\Routing\Route->run(Object(Illuminate\Http\Request))
#22 /var/www/lualca/vendor/laravel/framework/src/Illuminate/Routing/Router.php(996): Illuminate\Routing\Router->dispatchToRoute(Object(Illuminate\Http\Request))
#23 /var/www/lualca/vendor/laravel/framework/src/Illuminate/Foundation/Application.php(775): Illuminate\Routing\Router->dispatch(Object(Illuminate\Http\Request))
#24 /var/www/lualca/vendor/laravel/framework/src/Illuminate/Foundation/Application.php(745): Illuminate\Foundation\Application->dispatch(Object(Illuminate\Http\Request))
#25 /var/www/lualca/vendor/laravel/framework/src/Illuminate/Session/Middleware.php(72): Illuminate\Foundation\Application->handle(Object(Illuminate\Http\Request), 1, true)
#26 /var/www/lualca/vendor/laravel/framework/src/Illuminate/Cookie/Queue.php(47): Illuminate\Session\Middleware->handle(Object(Illuminate\Http\Request), 1, true)
#27 /var/www/lualca/vendor/laravel/framework/src/Illuminate/Cookie/Guard.php(51): Illuminate\Cookie\Queue->handle(Object(Illuminate\Http\Request), 1, true)
#28 /var/www/lualca/vendor/stack/builder/src/Stack/StackedHttpKernel.php(23): Illuminate\Cookie\Guard->handle(Object(Illuminate\Http\Request), 1, true)
#29 /var/www/lualca/vendor/laravel/framework/src/Illuminate/Foundation/Application.php(641): Stack\StackedHttpKernel->handle(Object(Illuminate\Http\Request))
#30 /var/www/lualca/public/index.php(49): Illuminate\Foundation\Application->run()
#31 {main} [] []
[2015-01-19 07:51:49] production.INFO: Listing Users  [] []
[2015-01-19 07:51:57] production.INFO: Listing Users  [] []
[2015-01-19 07:51:57] production.INFO: Listing Users  [] []
[2015-01-19 07:52:33] production.INFO: Listing Users  [] []
[2015-01-19 08:36:54] production.ERROR: exception 'Symfony\Component\HttpKernel\Exception\NotFoundHttpException' in /var/www/lualca/vendor/laravel/framework/src/Illuminate/Routing/RouteCollection.php:148
Stack trace:
#0 /var/www/lualca/vendor/laravel/framework/src/Illuminate/Routing/Router.php(1049): Illuminate\Routing\RouteCollection->match(Object(Illuminate\Http\Request))
#1 /var/www/lualca/vendor/laravel/framework/src/Illuminate/Routing/Router.php(1017): Illuminate\Routing\Router->findRoute(Object(Illuminate\Http\Request))
#2 /var/www/lualca/vendor/laravel/framework/src/Illuminate/Routing/Router.php(996): Illuminate\Routing\Router->dispatchToRoute(Object(Illuminate\Http\Request))
#3 /var/www/lualca/vendor/laravel/framework/src/Illuminate/Foundation/Application.php(775): Illuminate\Routing\Router->dispatch(Object(Illuminate\Http\Request))
#4 /var/www/lualca/vendor/laravel/framework/src/Illuminate/Foundation/Application.php(745): Illuminate\Foundation\Application->dispatch(Object(Illuminate\Http\Request))
#5 /var/www/lualca/vendor/laravel/framework/src/Illuminate/Session/Middleware.php(72): Illuminate\Foundation\Application->handle(Object(Illuminate\Http\Request), 1, true)
#6 /var/www/lualca/vendor/laravel/framework/src/Illuminate/Cookie/Queue.php(47): Illuminate\Session\Middleware->handle(Object(Illuminate\Http\Request), 1, true)
#7 /var/www/lualca/vendor/laravel/framework/src/Illuminate/Cookie/Guard.php(51): Illuminate\Cookie\Queue->handle(Object(Illuminate\Http\Request), 1, true)
#8 /var/www/lualca/vendor/stack/builder/src/Stack/StackedHttpKernel.php(23): Illuminate\Cookie\Guard->handle(Object(Illuminate\Http\Request), 1, true)
#9 /var/www/lualca/vendor/laravel/framework/src/Illuminate/Foundation/Application.php(641): Stack\StackedHttpKernel->handle(Object(Illuminate\Http\Request))
#10 /var/www/lualca/public/index.php(49): Illuminate\Foundation\Application->run()
#11 {main} [] []
[2015-01-19 08:36:56] production.ERROR: exception 'Symfony\Component\HttpKernel\Exception\NotFoundHttpException' in /var/www/lualca/vendor/laravel/framework/src/Illuminate/Routing/RouteCollection.php:148
Stack trace:
#0 /var/www/lualca/vendor/laravel/framework/src/Illuminate/Routing/Router.php(1049): Illuminate\Routing\RouteCollection->match(Object(Illuminate\Http\Request))
#1 /var/www/lualca/vendor/laravel/framework/src/Illuminate/Routing/Router.php(1017): Illuminate\Routing\Router->findRoute(Object(Illuminate\Http\Request))
#2 /var/www/lualca/vendor/laravel/framework/src/Illuminate/Routing/Router.php(996): Illuminate\Routing\Router->dispatchToRoute(Object(Illuminate\Http\Request))
#3 /var/www/lualca/vendor/laravel/framework/src/Illuminate/Foundation/Application.php(775): Illuminate\Routing\Router->dispatch(Object(Illuminate\Http\Request))
#4 /var/www/lualca/vendor/laravel/framework/src/Illuminate/Foundation/Application.php(745): Illuminate\Foundation\Application->dispatch(Object(Illuminate\Http\Request))
#5 /var/www/lualca/vendor/laravel/framework/src/Illuminate/Session/Middleware.php(72): Illuminate\Foundation\Application->handle(Object(Illuminate\Http\Request), 1, true)
#6 /var/www/lualca/vendor/laravel/framework/src/Illuminate/Cookie/Queue.php(47): Illuminate\Session\Middleware->handle(Object(Illuminate\Http\Request), 1, true)
#7 /var/www/lualca/vendor/laravel/framework/src/Illuminate/Cookie/Guard.php(51): Illuminate\Cookie\Queue->handle(Object(Illuminate\Http\Request), 1, true)
#8 /var/www/lualca/vendor/stack/builder/src/Stack/StackedHttpKernel.php(23): Illuminate\Cookie\Guard->handle(Object(Illuminate\Http\Request), 1, true)
#9 /var/www/lualca/vendor/laravel/framework/src/Illuminate/Foundation/Application.php(641): Stack\StackedHttpKernel->handle(Object(Illuminate\Http\Request))
#10 /var/www/lualca/public/index.php(49): Illuminate\Foundation\Application->run()
#11 {main} [] []
